This is pdfTeX, Version 3.14159265-2.6-1.40.16 (TeX Live 2015/W32TeX) (preloaded format=pdflatex 2015.12.24)  8 JAN 2016 12:01
entering extended mode
 restricted \write18 enabled.
 %&-line parsing enabled.
**./template.tex
(./template.tex
LaTeX2e <2015/01/01>
Babel <3.9l> and hyphenation patterns for 79 languages loaded.
(c:/texlive/2015/texmf-dist/tex/latex/ctex/ctexart.cls
(c:/texlive/2015/texmf-dist/tex/latex/l3kernel/expl3.sty
Package: expl3 2015/03/01 v5547 L3 programming layer (loader) 

(c:/texlive/2015/texmf-dist/tex/latex/l3kernel/expl3-code.tex
Package: expl3 2015/03/01 v5547 L3 programming layer (code) 
L3 Module: l3bootstrap 2015/02/28 v5542 L3 Bootstrap code
L3 Module: l3names 2015/02/24 v5535 L3 Namespace for primitives
L3 Module: l3basics 2015/01/27 v5500 L3 Basic definitions
L3 Module: l3expan 2014/11/27 v5472 L3 Argument expansion
L3 Module: l3tl 2015/01/27 v5500 L3 Token lists
L3 Module: l3str 2015/03/01 v5545 L3 Strings
L3 Module: l3seq 2014/08/23 v5354 L3 Sequences and stacks
L3 Module: l3int 2015/02/21 v5529 L3 Integers
\c_max_int=\count79
\l_tmpa_int=\count80
\l_tmpb_int=\count81
\g_tmpa_int=\count82
\g_tmpb_int=\count83
L3 Module: l3quark 2014/08/23 v5354 L3 Quarks
L3 Module: l3prg 2014/08/23 v5354 L3 Control structures
\g__prg_map_int=\count84
L3 Module: l3clist 2014/08/23 v5354 L3 Comma separated lists
L3 Module: l3token 2014/09/15 v5422 L3 Experimental token manipulation
L3 Module: l3prop 2014/08/23 v5354 L3 Property lists
L3 Module: l3msg 2015/02/26 v5537 L3 Messages
L3 Module: l3file 2014/08/24 v5369 L3 File and I/O operations
\l_iow_line_count_int=\count85
\l__iow_target_count_int=\count86
\l__iow_current_line_int=\count87
\l__iow_current_word_int=\count88
\l__iow_current_indentation_int=\count89
L3 Module: l3skip 2014/08/23 v5354 L3 Dimensions and skips
\c_zero_dim=\dimen102
\c_max_dim=\dimen103
\l_tmpa_dim=\dimen104
\l_tmpb_dim=\dimen105
\g_tmpa_dim=\dimen106
\g_tmpb_dim=\dimen107
\c_zero_skip=\skip41
\c_max_skip=\skip42
\l_tmpa_skip=\skip43
\l_tmpb_skip=\skip44
\g_tmpa_skip=\skip45
\g_tmpb_skip=\skip46
\c_zero_muskip=\muskip10
\c_max_muskip=\muskip11
\l_tmpa_muskip=\muskip12
\l_tmpb_muskip=\muskip13
\g_tmpa_muskip=\muskip14
\g_tmpb_muskip=\muskip15
L3 Module: l3keys 2015/01/27 v5500 L3 Key-value interfaces
\g__keyval_level_int=\count90
\l_keys_choice_int=\count91
L3 Module: l3fp 2014/08/22 v5336 L3 Floating points
\c__fp_leading_shift_int=\count92
\c__fp_middle_shift_int=\count93
\c__fp_trailing_shift_int=\count94
\c__fp_big_leading_shift_int=\count95
\c__fp_big_middle_shift_int=\count96
\c__fp_big_trailing_shift_int=\count97
\c__fp_Bigg_leading_shift_int=\count98
\c__fp_Bigg_middle_shift_int=\count99
\c__fp_Bigg_trailing_shift_int=\count100
L3 Module: l3box 2014/08/23 v5354 L3 Experimental boxes
\c_empty_box=\box26
\l_tmpa_box=\box27
\l_tmpb_box=\box28
\g_tmpa_box=\box29
\g_tmpb_box=\box30
L3 Module: l3coffins 2014/08/23 v5354 L3 Coffin code layer
\l__coffin_internal_box=\box31
\l__coffin_internal_dim=\dimen108
\l__coffin_offset_x_dim=\dimen109
\l__coffin_offset_y_dim=\dimen110
\l__coffin_x_dim=\dimen111
\l__coffin_y_dim=\dimen112
\l__coffin_x_prime_dim=\dimen113
\l__coffin_y_prime_dim=\dimen114
\c_empty_coffin=\box32
\l__coffin_aligned_coffin=\box33
\l__coffin_aligned_internal_coffin=\box34
\l_tmpa_coffin=\box35
\l_tmpb_coffin=\box36
\l__coffin_display_coffin=\box37
\l__coffin_display_coord_coffin=\box38
\l__coffin_display_pole_coffin=\box39
\l__coffin_display_offset_dim=\dimen115
\l__coffin_display_x_dim=\dimen116
\l__coffin_display_y_dim=\dimen117
L3 Module: l3color 2014/08/23 v5354 L3 Experimental color support
L3 Module: l3candidates 2015/03/01 v5544 L3 Experimental additions to l3kernel
\l__box_top_dim=\dimen118
\l__box_bottom_dim=\dimen119
\l__box_left_dim=\dimen120
\l__box_right_dim=\dimen121
\l__box_top_new_dim=\dimen122
\l__box_bottom_new_dim=\dimen123
\l__box_left_new_dim=\dimen124
\l__box_right_new_dim=\dimen125
\l__box_internal_box=\box40
\l__coffin_bounding_shift_dim=\dimen126
\l__coffin_left_corner_dim=\dimen127
\l__coffin_right_corner_dim=\dimen128
\l__coffin_bottom_corner_dim=\dimen129
\l__coffin_top_corner_dim=\dimen130
\l__coffin_scaled_total_height_dim=\dimen131
\l__coffin_scaled_width_dim=\dimen132
)
(c:/texlive/2015/texmf-dist/tex/latex/l3kernel/l3unicode-data.def
File: l3unicode-data.def 2015/03/01 v5544 L3 Unicode data
)
(c:/texlive/2015/texmf-dist/tex/latex/l3kernel/l3pdfmode.def
File: l3pdfmode.def 2015/03/01 v5544 L3 Experimental driver: PDF mode
\l__driver_color_stack_int=\count101
))
Document Class: ctexart 2015/05/16 v2.0.2 Chinese adapter for class article (CT
EX)
(c:/texlive/2015/texmf-dist/tex/latex/l3packages/xparse/xparse.sty
Package: xparse 2014/11/25 v5471 L3 Experimental document command parser
\l__xparse_current_arg_int=\count102
\l__xparse_m_args_int=\count103
\l__xparse_mandatory_args_int=\count104
\l__xparse_processor_int=\count105
\l__xparse_v_nesting_int=\count106
)
(c:/texlive/2015/texmf-dist/tex/latex/l3packages/l3keys2e/l3keys2e.sty
Package: l3keys2e 2014/11/25 v5471 LaTeX2e option processing using LaTeX3 keys
)
(c:/texlive/2015/texmf-dist/tex/latex/etoolbox/etoolbox.sty
Package: etoolbox 2015/05/04 v2.2 e-TeX tools for LaTeX (JAW)
\etb@tempcnta=\count107
)
(c:/texlive/2015/texmf-dist/tex/generic/oberdiek/ifpdf.sty
Package: ifpdf 2011/01/30 v2.3 Provides the ifpdf switch (HO)
Package ifpdf Info: pdfTeX in PDF mode is detected.
)
(c:/texlive/2015/texmf-dist/tex/latex/base/fix-cm.sty
Package: fix-cm 2015/01/14 v1.1t fixes to LaTeX

(c:/texlive/2015/texmf-dist/tex/latex/base/ts1enc.def
File: ts1enc.def 2001/06/05 v3.0e (jk/car/fm) Standard LaTeX file
))
(c:/texlive/2015/texmf-dist/tex/latex/ms/everysel.sty
Package: everysel 2011/10/28 v1.2 EverySelectfont Package (MS)
)
\l__ctex_tmp_int=\count108
\l__ctex_tmp_dim=\dimen133
\l__ctex_tmp_box=\box41
\g__file_internal_ior=\read1

(c:/texlive/2015/texmf-dist/tex/latex/ctex/config/ctexopts.cfg
File: ctexopts.cfg 2015/05/16 v2.0.2 Option configuration file (CTEX)
)
(c:/texlive/2015/texmf-dist/tex/latex/base/article.cls
Document Class: article 2014/09/29 v1.4h Standard LaTeX document class
(c:/texlive/2015/texmf-dist/tex/latex/base/size10.clo
File: size10.clo 2014/09/29 v1.4h Standard LaTeX file (size option)
)
\c@part=\count109
\c@section=\count110
\c@subsection=\count111
\c@subsubsection=\count112
\c@paragraph=\count113
\c@subparagraph=\count114
\c@figure=\count115
\c@table=\count116
\abovecaptionskip=\skip47
\belowcaptionskip=\skip48
\bibindent=\dimen134
)
.................................................
. LaTeX info: "xparse/define-command"
. 
. Defining command \ctexset with sig. '+m' on line 474.
.................................................
.................................................
. LaTeX info: "xparse/define-command"
. 
. Defining command \CTEXsetup with sig. '+o>{\TrimSpaces }m' on line 480.
.................................................
.................................................
. LaTeX info: "xparse/define-command"
. 
. Defining command \CTEXoptions with sig. '+o' on line 486.
.................................................

(c:/texlive/2015/texmf-dist/tex/latex/ctex/engine/ctex-engine-pdftex.def
File: ctex-engine-pdftex.def 2015/05/16 v2.0.2 (pdf)LaTeX adapter (CTEX)

(c:/texlive/2015/texmf-dist/tex/latex/cjk/texinput/CJK.sty
Package: CJK 2015/04/18 4.8.4

(c:/texlive/2015/texmf-dist/tex/latex/cjk/texinput/mule/MULEenc.sty
Package: MULEenc 2015/04/18 4.8.4
)
(c:/texlive/2015/texmf-dist/tex/latex/cjk/texinput/CJK.enc
File: CJK.enc 2015/04/18 4.8.4
)
LaTeX Info: Redefining \selectfont on input line 755.
\CJK@indent=\box42
)
(c:/texlive/2015/texmf-dist/tex/latex/cjkpunct/CJKpunct.sty
Package: CJKpunct 2009/05/06 4.8.2
\CJKpunct@cnta=\count117
\CJKpunct@cntb=\count118
\CJKpunct@cntc=\count119
\CJKpunct@cntd=\count120
\CJKpunct@cnte=\count121
)
(c:/texlive/2015/texmf-dist/tex/latex/cjk/texinput/CJKspace.sty
Package: CJKspace 2015/04/18 3.8.0
)
(c:/texlive/2015/texmf-dist/tex/latex/cjk/texinput/standard.bdg
File: standard.bdg 2015/04/18 4.8.4
)
(c:/texlive/2015/texmf-dist/tex/latex/ctex/ctexspa.def
File: ctexspa.def 2015/05/15 v2.0.2 Space info for CJKpunct (CTEX)
)
(c:/texlive/2015/texmf-dist/tex/latex/cjk/texinput/CJKfntef.sty
Package: CJKfntef 2015/04/18 4.8.4

(c:/texlive/2015/texmf-dist/tex/latex/cjk/texinput/CJKulem.sty
Package: CJKulem 2015/04/18 4.8.4

(c:/texlive/2015/texmf-dist/tex/generic/ulem/ulem.sty
\UL@box=\box43
\UL@hyphenbox=\box44
\UL@skip=\skip49
\UL@hook=\toks14
\UL@height=\dimen135
\UL@pe=\count122
\UL@pixel=\dimen136
\ULC@box=\box45
Package: ulem 2012/05/18
\ULdepth=\dimen137
)
\UL@lastkern=\dimen138
\CJK@skip=\skip50
)
\CJK@fntefSkip=\skip51
\CJK@nest=\count123
\CJK@fntefDimen=\dimen139
\CJK@underdotBox=\box46
\CJK@ULbox=\box47
\CJK@underanyskip=\dimen140
)
\ccwd=\dimen141
\l__ctex_ccglue_skip=\skip52
)
.................................................
. LaTeX info: "xparse/define-command"
. 
. Defining command \CTEXsetfont with sig. '' on line 525.
.................................................
.................................................
. LaTeX info: "xparse/define-command"
. 
. Defining command \ziju with sig. 'm' on line 597.
.................................................
\l__ctex_ziju_dim=\dimen142
.................................................
. LaTeX info: "xparse/define-command"
. 
. Defining command \CTEXindent with sig. '' on line 638.
.................................................
.................................................
. LaTeX info: "xparse/define-command"
. 
. Defining command \CTEXnoindent with sig. '' on line 644.
.................................................

(c:/texlive/2015/texmf-dist/tex/latex/zhnumber/zhnumber.sty
Package: zhnumber 2014/09/13 v2.1 Typesetting numbers with Chinese glyphs
.................................................
. LaTeX info: "xparse/define-command"
. 
. Defining command \zhnumber with sig. '+o+m' on line 45.
.................................................
.................................................
. LaTeX info: "xparse/define-command"
. 
. Defining command \zhnumberwithoptions with sig. '+m+m' on line 52.
.................................................
.................................................
. LaTeX info: "xparse/define-command"
. 
. Defining command \zhnum with sig. '+o+m' on line 106.
.................................................
.................................................
. LaTeX info: "xparse/define-command"
. 
. Defining command \zhnumwithoptions with sig. '+m+m' on line 113.
.................................................
.................................................
. LaTeX info: "xparse/define-command"
. 
. Defining command \zhdigits with sig. '+s+o+m' on line 289.
.................................................
.................................................
. LaTeX info: "xparse/define-command"
. 
. Defining command \zhdigitswithoptions with sig. '+m+m+m' on line 296.
.................................................
.................................................
. LaTeX info: "xparse/define-command"
. 
. Defining command \zhdate with sig. '+s+m' on line 355.
.................................................
\l__zhnum_scale_int=\count124
.................................................
. LaTeX info: "xparse/define-command"
. 
. Defining command \zhnumExtendScaleMap with sig. '>{\TrimSpaces }+o+m' on
. line 468.
.................................................
\l__zhnum_byte_min_int=\count125
\l__zhnum_byte_max_int=\count126
.................................................
. LaTeX info: "xparse/define-command"
. 
. Defining command \zhnumsetup with sig. '+m' on line 800.
.................................................

(c:/texlive/2015/texmf-dist/tex/latex/zhnumber/config/zhnumber-gbk.cfg
File: zhnumber-gbk.cfg 2014/09/13 v2.1 Chinese numerals with GBK encoding
))
.................................................
. LaTeX info: "xparse/define-command"
. 
. Defining command \CTEXnumber with sig. 'mm' on line 651.
.................................................
.................................................
. LaTeX info: "xparse/define-command"
. 
. Defining command \CTEXdigits with sig. 'mm' on line 653.
.................................................
.................................................
. LaTeX info: "xparse/define-command"
. 
. Defining command \ctex_assign_heading_name:nn with sig. 'm>{\SplitArgument
. {\c_one }{,}}+m' on line 756.
.................................................
.................................................
. LaTeX info: "xparse/redefine-command"
. 
. Redefining command \refstepcounter with sig. 'm' on line 967.
.................................................

(c:/texlive/2015/texmf-dist/tex/latex/ctex/scheme/ctex-scheme-chinese-article.d
ef
File: ctex-scheme-chinese-article.def 2015/05/16 v2.0.2 Chinese scheme for arti
cle (CTEX)
 (c:/texlive/2015/texmf-dist/tex/latex/ctex/config/ctex-name-gbk.cfg
File: ctex-name-gbk.cfg 2015/05/16 v2.0.2 Caption with encoding GBK (CTEX)
))
.................................................
. LaTeX info: "xparse/define-command"
. 
. Defining command \zihao with sig. 'm' on line 970.
.................................................

(c:/texlive/2015/texmf-dist/tex/latex/ctex/ctex-c5size.clo
File: ctex-c5size.clo 2015/05/16 v2.0.2 c5size option (CTEX)
)
.................................................
. LaTeX info: "xparse/define-command"
. 
. Defining command \CTeX with sig. '' on line 1074.
.................................................

(c:/texlive/2015/texmf-dist/tex/latex/ctex/fontset/ctex-fontset-windows.def
File: ctex-fontset-windows.def 2015/05/16 v2.0.2 Windows fonts definition (CTEX
)

(c:/texlive/2015/texmf-dist/tex/latex/ctex/fontset/ctex-fontset-windowsnew.def
File: ctex-fontset-windowsnew.def 2015/05/16 v2.0.2 Windows fonts definition fo
r Vista or later version (CTEX)

(c:/texlive/2015/texmf-dist/tex/generic/ctex/zhwindowsfonts.tex
(c:/texlive/2015/texmf-dist/tex/generic/oberdiek/ifpdf.sty
Package ifpdf Info: The package is already loaded, stopped on input line 64.
)
File: zhwindowsfonts.tex 2014/06/03 v2.0 Windows font map loader for pdfTeX and
 DVIPDFMx (CTEX)
{c:/texlive/2015/texmf-var/fonts/map/pdftex/updmap/pdftex.map}{UGBK.sfd}{Unicod
e.sfd})
.................................................
. LaTeX info: "xparse/define-command"
. 
. Defining command \songti with sig. '' on line 93.
.................................................
.................................................
. LaTeX info: "xparse/define-command"
. 
. Defining command \heiti with sig. '' on line 94.
.................................................
.................................................
. LaTeX info: "xparse/define-command"
. 
. Defining command \fangsong with sig. '' on line 95.
.................................................
.................................................
. LaTeX info: "xparse/define-command"
. 
. Defining command \kaishu with sig. '' on line 96.
.................................................
.................................................
. LaTeX info: "xparse/define-command"
. 
. Defining command \lishu with sig. '' on line 97.
.................................................
.................................................
. LaTeX info: "xparse/define-command"
. 
. Defining command \youyuan with sig. '' on line 98.
.................................................
.................................................
. LaTeX info: "xparse/define-command"
. 
. Defining command \yahei with sig. '' on line 99.
.................................................
)))
(c:/texlive/2015/texmf-dist/tex/latex/ctex/config/ctex.cfg
File: ctex.cfg 2015/05/16 v2.0.2 Configuration file (CTEX)
) (./aappss.sty
Package: aappss 2013/1/10 v1, by definition unizhang

(c:/texlive/2015/texmf-dist/tex/latex/graphics/graphicx.sty
Package: graphicx 2014/10/28 v1.0g Enhanced LaTeX Graphics (DPC,SPQR)

(c:/texlive/2015/texmf-dist/tex/latex/graphics/keyval.sty
Package: keyval 2014/10/28 v1.15 key=value parser (DPC)
\KV@toks@=\toks15
)
(c:/texlive/2015/texmf-dist/tex/latex/graphics/graphics.sty
Package: graphics 2014/10/28 v1.0p Standard LaTeX Graphics (DPC,SPQR)

(c:/texlive/2015/texmf-dist/tex/latex/graphics/trig.sty
Package: trig 1999/03/16 v1.09 sin cos tan (DPC)
)
(c:/texlive/2015/texmf-dist/tex/latex/latexconfig/graphics.cfg
File: graphics.cfg 2010/04/23 v1.9 graphics configuration of TeX Live
)
Package graphics Info: Driver file: pdftex.def on input line 94.

(c:/texlive/2015/texmf-dist/tex/latex/pdftex-def/pdftex.def
File: pdftex.def 2011/05/27 v0.06d Graphics/color for pdfTeX

(c:/texlive/2015/texmf-dist/tex/generic/oberdiek/infwarerr.sty
Package: infwarerr 2010/04/08 v1.3 Providing info/warning/error messages (HO)
)
(c:/texlive/2015/texmf-dist/tex/generic/oberdiek/ltxcmds.sty
Package: ltxcmds 2011/11/09 v1.22 LaTeX kernel commands for general use (HO)
)
\Gread@gobject=\count127
))
\Gin@req@height=\dimen143
\Gin@req@width=\dimen144
)
(c:/texlive/2015/texmf-dist/tex/latex/tools/multicol.sty
Package: multicol 2015/03/31 v1.8m multicolumn formatting (FMi)
\c@tracingmulticols=\count128
\mult@box=\box48
\multicol@leftmargin=\dimen145
\c@unbalance=\count129
\c@collectmore=\count130
\doublecol@number=\count131
\multicoltolerance=\count132
\multicolpretolerance=\count133
\full@width=\dimen146
\page@free=\dimen147
\premulticols=\dimen148
\postmulticols=\dimen149
\multicolsep=\skip53
\multicolbaselineskip=\skip54
\partial@page=\box49
\last@line=\box50
\maxbalancingoverflow=\dimen150
\mult@rightbox=\box51
\mult@grightbox=\box52
\mult@gfirstbox=\box53
\mult@firstbox=\box54
\@tempa=\box55
\@tempa=\box56
\@tempa=\box57
\@tempa=\box58
\@tempa=\box59
\@tempa=\box60
\@tempa=\box61
\@tempa=\box62
\@tempa=\box63
\@tempa=\box64
\@tempa=\box65
\@tempa=\box66
\@tempa=\box67
\@tempa=\box68
\@tempa=\box69
\@tempa=\box70
\@tempa=\box71
\c@columnbadness=\count134
\c@finalcolumnbadness=\count135
\last@try=\dimen151
\multicolovershoot=\dimen152
\multicolundershoot=\dimen153
\mult@nat@firstbox=\box72
\colbreak@box=\box73
\mc@col@check@num=\count136
)
(c:/texlive/2015/texmf-dist/tex/latex/base/ifthen.sty
Package: ifthen 2014/09/29 v1.1c Standard LaTeX ifthen package (DPC)
)
(c:/texlive/2015/texmf-dist/tex/latex/booktabs/booktabs.sty
Package: booktabs 2005/04/14 v1.61803 publication quality tables
\heavyrulewidth=\dimen154
\lightrulewidth=\dimen155
\cmidrulewidth=\dimen156
\belowrulesep=\dimen157
\belowbottomsep=\dimen158
\aboverulesep=\dimen159
\abovetopsep=\dimen160
\cmidrulesep=\dimen161
\cmidrulekern=\dimen162
\defaultaddspace=\dimen163
\@cmidla=\count137
\@cmidlb=\count138
\@aboverulesep=\dimen164
\@belowrulesep=\dimen165
\@thisruleclass=\count139
\@lastruleclass=\count140
\@thisrulewidth=\dimen166
)
(c:/texlive/2015/texmf-dist/tex/latex/amsmath/amsmath.sty
Package: amsmath 2013/01/14 v2.14 AMS math features
\@mathmargin=\skip55

For additional information on amsmath, use the `?' option.
(c:/texlive/2015/texmf-dist/tex/latex/amsmath/amstext.sty
Package: amstext 2000/06/29 v2.01

(c:/texlive/2015/texmf-dist/tex/latex/amsmath/amsgen.sty
File: amsgen.sty 1999/11/30 v2.0
\@emptytoks=\toks16
\ex@=\dimen167
))
(c:/texlive/2015/texmf-dist/tex/latex/amsmath/amsbsy.sty
Package: amsbsy 1999/11/29 v1.2d
\pmbraise@=\dimen168
)
(c:/texlive/2015/texmf-dist/tex/latex/amsmath/amsopn.sty
Package: amsopn 1999/12/14 v2.01 operator names
)
\inf@bad=\count141
LaTeX Info: Redefining \frac on input line 210.
\uproot@=\count142
\leftroot@=\count143
LaTeX Info: Redefining \overline on input line 306.
\classnum@=\count144
\DOTSCASE@=\count145
LaTeX Info: Redefining \ldots on input line 378.
LaTeX Info: Redefining \dots on input line 381.
LaTeX Info: Redefining \cdots on input line 466.
\Mathstrutbox@=\box74
\strutbox@=\box75
\big@size=\dimen169
LaTeX Font Info:    Redeclaring font encoding OML on input line 566.
LaTeX Font Info:    Redeclaring font encoding OMS on input line 567.
\macc@depth=\count146
\c@MaxMatrixCols=\count147
\dotsspace@=\muskip16
\c@parentequation=\count148
\dspbrk@lvl=\count149
\tag@help=\toks17
\row@=\count150
\column@=\count151
\maxfields@=\count152
\andhelp@=\toks18
\eqnshift@=\dimen170
\alignsep@=\dimen171
\tagshift@=\dimen172
\tagwidth@=\dimen173
\totwidth@=\dimen174
\lineht@=\dimen175
\@envbody=\toks19
\multlinegap=\skip56
\multlinetaggap=\skip57
\mathdisplay@stack=\toks20
LaTeX Info: Redefining \[ on input line 2665.
LaTeX Info: Redefining \] on input line 2666.
)
(c:/texlive/2015/texmf-dist/tex/latex/amsfonts/amsfonts.sty
Package: amsfonts 2013/01/14 v3.01 Basic AMSFonts support
\symAMSa=\mathgroup4
\symAMSb=\mathgroup5
LaTeX Font Info:    Overwriting math alphabet `\mathfrak' in version `bold'
(Font)                  U/euf/m/n --> U/euf/b/n on input line 106.
)
(c:/texlive/2015/texmf-dist/tex/latex/tools/bm.sty
Package: bm 2014/10/28 v1.1c Bold Symbol Support (DPC/FMi)
\symboldoperators=\mathgroup6
\symboldletters=\mathgroup7
\symboldsymbols=\mathgroup8
LaTeX Font Info:    Redeclaring math alphabet \mathbf on input line 141.
LaTeX Info: Redefining \bm on input line 207.
)
(c:/texlive/2015/texmf-dist/tex/latex/jknapltx/mathrsfs.sty
Package: mathrsfs 1996/01/01 Math RSFS package v1.0 (jk)
\symrsfs=\mathgroup9
)
(c:/texlive/2015/texmf-dist/tex/latex/amsfonts/amssymb.sty
Package: amssymb 2013/01/14 v3.01 AMS font symbols
)
(c:/texlive/2015/texmf-dist/tex/latex/psnfss/times.sty
Package: times 2005/04/12 PSNFSS-v9.2a (SPQR) 
)
(c:/texlive/2015/texmf-dist/tex/latex/psnfss/mathptmx.sty
Package: mathptmx 2005/04/12 PSNFSS-v9.2a Times w/ Math, improved (SPQR, WaS) 
LaTeX Font Info:    Redeclaring symbol font `operators' on input line 28.
LaTeX Font Info:    Overwriting symbol font `operators' in version `normal'
(Font)                  OT1/cmr/m/n --> OT1/ztmcm/m/n on input line 28.
LaTeX Font Info:    Overwriting symbol font `operators' in version `bold'
(Font)                  OT1/cmr/bx/n --> OT1/ztmcm/m/n on input line 28.
LaTeX Font Info:    Redeclaring symbol font `letters' on input line 29.
LaTeX Font Info:    Overwriting symbol font `letters' in version `normal'
(Font)                  OML/cmm/m/it --> OML/ztmcm/m/it on input line 29.
LaTeX Font Info:    Overwriting symbol font `letters' in version `bold'
(Font)                  OML/cmm/b/it --> OML/ztmcm/m/it on input line 29.
LaTeX Font Info:    Redeclaring symbol font `symbols' on input line 30.
LaTeX Font Info:    Overwriting symbol font `symbols' in version `normal'
(Font)                  OMS/cmsy/m/n --> OMS/ztmcm/m/n on input line 30.
LaTeX Font Info:    Overwriting symbol font `symbols' in version `bold'
(Font)                  OMS/cmsy/b/n --> OMS/ztmcm/m/n on input line 30.
LaTeX Font Info:    Redeclaring symbol font `largesymbols' on input line 31.
LaTeX Font Info:    Overwriting symbol font `largesymbols' in version `normal'
(Font)                  OMX/cmex/m/n --> OMX/ztmcm/m/n on input line 31.
LaTeX Font Info:    Overwriting symbol font `largesymbols' in version `bold'
(Font)                  OMX/cmex/m/n --> OMX/ztmcm/m/n on input line 31.
\symbold=\mathgroup10
\symitalic=\mathgroup11
LaTeX Font Info:    Redeclaring math alphabet \mathbf on input line 34.
LaTeX Font Info:    Redeclaring math alphabet \mathit on input line 35.
LaTeX Font Info:    Overwriting math alphabet `\mathit' in version `normal'
(Font)                  OT1/cmr/m/it --> OT1/ptm/m/it on input line 35.
LaTeX Font Info:    Overwriting math alphabet `\mathit' in version `bold'
(Font)                  OT1/cmr/bx/it --> OT1/ptm/m/it on input line 35.
LaTeX Info: Redefining \hbar on input line 50.
)
(c:/texlive/2015/texmf-dist/tex/latex/fancyhdr/fancyhdr.sty
\fancy@headwidth=\skip58
\f@ncyO@elh=\skip59
\f@ncyO@erh=\skip60
\f@ncyO@olh=\skip61
\f@ncyO@orh=\skip62
\f@ncyO@elf=\skip63
\f@ncyO@erf=\skip64
\f@ncyO@olf=\skip65
\f@ncyO@orf=\skip66
)
(c:/texlive/2015/texmf-dist/tex/latex/type1cm/type1cm.sty
Package: type1cm 2002/09/05 v0.04 BlueSky/Y&Y Type1 CM font definitions (DPC, p
atched RF)
)
*************************************************
* ctex warning: "deprecated-command"
* 
* Command \CTEXsetup is deprecated.
* \ctexset { subsection = { aftername+={\hskip -5pt} } } is set.
*************************************************
*************************************************
* ctex warning: "deprecated-command"
* 
* Command \CTEXsetup is deprecated.
* \ctexset { subsubsection = { aftername+={\hskip -5pt} } } is set.
*************************************************
) (c:/texlive/2015/texmf-dist/tex/latex/wrapfig/wrapfig.sty
\wrapoverhang=\dimen176
\WF@size=\dimen177
\c@WF@wrappedlines=\count153
\WF@box=\box76
\WF@everypar=\toks21
Package: wrapfig 2003/01/31  v 3.6
)
(c:/texlive/2015/texmf-dist/tex/latex/caption/subcaption.sty
Package: subcaption 2013/02/03 v1.1-62 Sub-captions (AR)

(c:/texlive/2015/texmf-dist/tex/latex/caption/caption.sty
Package: caption 2013/05/02 v3.3-89 Customizing captions (AR)

(c:/texlive/2015/texmf-dist/tex/latex/caption/caption3.sty
Package: caption3 2013/05/02 v1.6-88 caption3 kernel (AR)
Package caption3 Info: TeX engine: e-TeX on input line 57.
\captionmargin=\dimen178
\captionmargin@=\dimen179
\captionwidth=\dimen180
\caption@tempdima=\dimen181
\caption@indent=\dimen182
\caption@parindent=\dimen183
\caption@hangindent=\dimen184
)
\c@ContinuedFloat=\count154
Package caption Info: wrapfig package is loaded.
)
\c@subfigure=\count155
\c@subtable=\count156
)
(c:/texlive/2015/texmf-dist/tex/latex/geometry/geometry.sty
Package: geometry 2010/09/12 v5.6 Page Geometry

(c:/texlive/2015/texmf-dist/tex/generic/oberdiek/ifvtex.sty
Package: ifvtex 2010/03/01 v1.5 Detect VTeX and its facilities (HO)
Package ifvtex Info: VTeX not detected.
)
(c:/texlive/2015/texmf-dist/tex/generic/ifxetex/ifxetex.sty
Package: ifxetex 2010/09/12 v0.6 Provides ifxetex conditional
)
\Gm@cnth=\count157
\Gm@cntv=\count158
\c@Gm@tempcnt=\count159
\Gm@bindingoffset=\dimen185
\Gm@wd@mp=\dimen186
\Gm@odd@mp=\dimen187
\Gm@even@mp=\dimen188
\Gm@layoutwidth=\dimen189
\Gm@layoutheight=\dimen190
\Gm@layouthoffset=\dimen191
\Gm@layoutvoffset=\dimen192
\Gm@dimlist=\toks22
)
(c:/texlive/2015/texmf-dist/tex/latex/hyperref/hyperref.sty
Package: hyperref 2012/11/06 v6.83m Hypertext links for LaTeX

(c:/texlive/2015/texmf-dist/tex/generic/oberdiek/hobsub-hyperref.sty
Package: hobsub-hyperref 2012/05/28 v1.13 Bundle oberdiek, subset hyperref (HO)


(c:/texlive/2015/texmf-dist/tex/generic/oberdiek/hobsub-generic.sty
Package: hobsub-generic 2012/05/28 v1.13 Bundle oberdiek, subset generic (HO)
Package: hobsub 2012/05/28 v1.13 Construct package bundles (HO)
Package hobsub Info: Skipping package `infwarerr' (already loaded).
Package hobsub Info: Skipping package `ltxcmds' (already loaded).
Package: ifluatex 2010/03/01 v1.3 Provides the ifluatex switch (HO)
Package ifluatex Info: LuaTeX not detected.
Package hobsub Info: Skipping package `ifvtex' (already loaded).
Package: intcalc 2007/09/27 v1.1 Expandable calculations with integers (HO)
Package hobsub Info: Skipping package `ifpdf' (already loaded).
Package: etexcmds 2011/02/16 v1.5 Avoid name clashes with e-TeX commands (HO)
Package etexcmds Info: Could not find \expanded.
(etexcmds)             That can mean that you are not using pdfTeX 1.50 or
(etexcmds)             that some package has redefined \expanded.
(etexcmds)             In the latter case, load this package earlier.
Package: kvsetkeys 2012/04/25 v1.16 Key value parser (HO)
Package: kvdefinekeys 2011/04/07 v1.3 Define keys (HO)
Package: pdftexcmds 2011/11/29 v0.20 Utility functions of pdfTeX for LuaTeX (HO
)
Package pdftexcmds Info: LuaTeX not detected.
Package pdftexcmds Info: \pdf@primitive is available.
Package pdftexcmds Info: \pdf@ifprimitive is available.
Package pdftexcmds Info: \pdfdraftmode found.
Package: pdfescape 2011/11/25 v1.13 Implements pdfTeX's escape features (HO)
Package: bigintcalc 2012/04/08 v1.3 Expandable calculations on big integers (HO
)
Package: bitset 2011/01/30 v1.1 Handle bit-vector datatype (HO)
Package: uniquecounter 2011/01/30 v1.2 Provide unlimited unique counter (HO)
)
Package hobsub Info: Skipping package `hobsub' (already loaded).
Package: letltxmacro 2010/09/02 v1.4 Let assignment for LaTeX macros (HO)
Package: hopatch 2012/05/28 v1.2 Wrapper for package hooks (HO)
Package: xcolor-patch 2011/01/30 xcolor patch
Package: atveryend 2011/06/30 v1.8 Hooks at the very end of document (HO)
Package: atbegshi 2011/10/05 v1.16 At begin shipout hook (HO)
Package: refcount 2011/10/16 v3.4 Data extraction from label references (HO)
Package: hycolor 2011/01/30 v1.7 Color options for hyperref/bookmark (HO)
)
(c:/texlive/2015/texmf-dist/tex/latex/oberdiek/auxhook.sty
Package: auxhook 2011/03/04 v1.3 Hooks for auxiliary files (HO)
)
(c:/texlive/2015/texmf-dist/tex/latex/oberdiek/kvoptions.sty
Package: kvoptions 2011/06/30 v3.11 Key value format for package options (HO)
)
\@linkdim=\dimen193
\Hy@linkcounter=\count160
\Hy@pagecounter=\count161

(c:/texlive/2015/texmf-dist/tex/latex/hyperref/pd1enc.def
File: pd1enc.def 2012/11/06 v6.83m Hyperref: PDFDocEncoding definition (HO)
)
\Hy@SavedSpaceFactor=\count162

(c:/texlive/2015/texmf-dist/tex/latex/latexconfig/hyperref.cfg
File: hyperref.cfg 2002/06/06 v1.2 hyperref configuration of TeXLive
)
Package hyperref Info: Option `colorlinks' set `true' on input line 4319.
Package hyperref Info: Option `CJKbookmarks' set `true' on input line 4319.
Package hyperref Info: Hyper figures OFF on input line 4443.
Package hyperref Info: Link nesting OFF on input line 4448.
Package hyperref Info: Hyper index ON on input line 4451.
Package hyperref Info: Plain pages OFF on input line 4458.
Package hyperref Info: Backreferencing OFF on input line 4463.
Package hyperref Info: Implicit mode ON; LaTeX internals redefined.
Package hyperref Info: Bookmarks ON on input line 4688.
\c@Hy@tempcnt=\count163

(c:/texlive/2015/texmf-dist/tex/latex/url/url.sty
\Urlmuskip=\muskip17
Package: url 2013/09/16  ver 3.4  Verb mode for urls, etc.
)
LaTeX Info: Redefining \url on input line 5041.
\XeTeXLinkMargin=\dimen194
\Fld@menulength=\count164
\Field@Width=\dimen195
\Fld@charsize=\dimen196
Package hyperref Info: Hyper figures OFF on input line 6295.
Package hyperref Info: Link nesting OFF on input line 6300.
Package hyperref Info: Hyper index ON on input line 6303.
Package hyperref Info: backreferencing OFF on input line 6310.
Package hyperref Info: Link coloring ON on input line 6313.
Package hyperref Info: Link coloring with OCG OFF on input line 6320.
Package hyperref Info: PDF/A mode OFF on input line 6325.
LaTeX Info: Redefining \ref on input line 6365.
LaTeX Info: Redefining \pageref on input line 6369.
\Hy@abspage=\count165
\c@Item=\count166
\c@Hfootnote=\count167
)

Package hyperref Message: Driver (autodetected): hpdftex.

(c:/texlive/2015/texmf-dist/tex/latex/hyperref/hpdftex.def
File: hpdftex.def 2012/11/06 v6.83m Hyperref driver for pdfTeX
\Fld@listcount=\count168
\c@bookmark@seq@number=\count169

(c:/texlive/2015/texmf-dist/tex/latex/oberdiek/rerunfilecheck.sty
Package: rerunfilecheck 2011/04/15 v1.7 Rerun checks for auxiliary files (HO)
Package uniquecounter Info: New unique counter `rerunfilecheck' on input line 2
82.
)
\Hy@SectionHShift=\skip67
)
(c:/texlive/2015/texmf-dist/tex/latex/xcjk2uni/xCJK2uni.sty
Package: xCJK2uni 2014/06/20 v0.4 Convert CJK character to Unicode.
\l__CJKtu_i_min_int=\count170
\l__CJKtu_i_max_int=\count171
\l__CJKtu_ii_min_int=\count172
\l__CJKtu_ii_max_int=\count173
\l__CJKtu_gap_begin_int=\count174
\l__CJKtu_gap_end_int=\count175
\l__CJKtu_plane_int=\count176
Package hyperref Info: Option `unicode' set `true' on input line 199.

(c:/texlive/2015/texmf-dist/tex/latex/hyperref/puenc.def
File: puenc.def 2012/11/06 v6.83m Hyperref: PDF Unicode definition (HO)
)
Package hyperref Info: Option `CJKbookmarks' set `false' on input line 199.

(c:/texlive/2015/texmf-dist/tex/latex/xcjk2uni/xCJK2uni-UGBK.def
File: xCJK2uni-UGBK.def 2014/06/20 v0.4 Convert CJK character to Unicode.
))
(c:/texlive/2015/texmf-dist/tex/latex/xcolor/xcolor.sty
Package: xcolor 2007/01/21 v2.11 LaTeX color extensions (UK)

(c:/texlive/2015/texmf-dist/tex/latex/latexconfig/color.cfg
File: color.cfg 2007/01/18 v1.5 color configuration of teTeX/TeXLive
)
Package xcolor Info: Driver file: pdftex.def on input line 225.
Package xcolor Info: Model `cmy' substituted by `cmy0' on input line 1337.
Package xcolor Info: Model `hsb' substituted by `rgb' on input line 1341.
Package xcolor Info: Model `RGB' extended on input line 1353.
Package xcolor Info: Model `HTML' substituted by `rgb' on input line 1355.
Package xcolor Info: Model `Hsb' substituted by `hsb' on input line 1356.
Package xcolor Info: Model `tHsb' substituted by `hsb' on input line 1357.
Package xcolor Info: Model `HSB' substituted by `hsb' on input line 1358.
Package xcolor Info: Model `Gray' substituted by `gray' on input line 1359.
Package xcolor Info: Model `wave' substituted by `hsb' on input line 1360.
)
Package hyperref Info: Option `colorlinks' set `true' on input line 26.

(c:/texlive/2015/texmf-dist/tex/latex/cjk/texinput/extended.enc
File: extended.enc 2015/04/18 4.8.4
)
(c:/texlive/2015/texmf-dist/tex/latex/cjk/texinput/extended.chr
File: extended.chr 2015/04/18 4.8.4
)

LaTeX Warning: Unused global option(s):
    [A4].

(./template.aux

LaTeX Warning: Label `fig:sam' multiply defined.


LaTeX Warning: Label `fig:t21' multiply defined.


LaTeX Warning: Label `sub@fig:t21' multiply defined.

)
\openout1 = `template.aux'.

LaTeX Font Info:    Checking defaults for OML/cmm/m/it on input line 36.
LaTeX Font Info:    ... okay on input line 36.
LaTeX Font Info:    Checking defaults for T1/cmr/m/n on input line 36.
LaTeX Font Info:    ... okay on input line 36.
LaTeX Font Info:    Checking defaults for OT1/cmr/m/n on input line 36.
LaTeX Font Info:    ... okay on input line 36.
LaTeX Font Info:    Checking defaults for OMS/cmsy/m/n on input line 36.
LaTeX Font Info:    ... okay on input line 36.
LaTeX Font Info:    Checking defaults for OMX/cmex/m/n on input line 36.
LaTeX Font Info:    ... okay on input line 36.
LaTeX Font Info:    Checking defaults for U/cmr/m/n on input line 36.
LaTeX Font Info:    ... okay on input line 36.
LaTeX Font Info:    Checking defaults for TS1/cmr/m/n on input line 36.
LaTeX Font Info:    ... okay on input line 36.
LaTeX Font Info:    Checking defaults for C00/song/m/n on input line 36.
LaTeX Font Info:    ... okay on input line 36.
LaTeX Font Info:    Checking defaults for C05/song/m/n on input line 36.
LaTeX Font Info:    ... okay on input line 36.
LaTeX Font Info:    Checking defaults for C09/song/m/n on input line 36.
LaTeX Font Info:    ... okay on input line 36.
LaTeX Font Info:    Checking defaults for C10/song/m/n on input line 36.
LaTeX Font Info:    ... okay on input line 36.
LaTeX Font Info:    Checking defaults for C20/song/m/n on input line 36.
LaTeX Font Info:    ... okay on input line 36.
LaTeX Font Info:    Checking defaults for C19/song/m/n on input line 36.
LaTeX Font Info:    ... okay on input line 36.
LaTeX Font Info:    Checking defaults for C40/song/m/n on input line 36.
LaTeX Font Info:    ... okay on input line 36.
LaTeX Font Info:    Checking defaults for C42/song/m/n on input line 36.
LaTeX Font Info:    ... okay on input line 36.
LaTeX Font Info:    Checking defaults for C43/song/m/n on input line 36.
LaTeX Font Info:    ... okay on input line 36.
LaTeX Font Info:    Checking defaults for C50/song/m/n on input line 36.
LaTeX Font Info:    ... okay on input line 36.
LaTeX Font Info:    Checking defaults for C52/song/m/n on input line 36.
LaTeX Font Info:    ... okay on input line 36.
LaTeX Font Info:    Checking defaults for C49/song/m/n on input line 36.
LaTeX Font Info:    ... okay on input line 36.
LaTeX Font Info:    Checking defaults for C60/mj/m/n on input line 36.
LaTeX Font Info:    ... okay on input line 36.
LaTeX Font Info:    Checking defaults for C61/mj/m/n on input line 36.
LaTeX Font Info:    ... okay on input line 36.
LaTeX Font Info:    Checking defaults for C63/mj/m/n on input line 36.
LaTeX Font Info:    ... okay on input line 36.
LaTeX Font Info:    Checking defaults for C64/mj/m/n on input line 36.
LaTeX Font Info:    ... okay on input line 36.
LaTeX Font Info:    Checking defaults for C65/mj/m/n on input line 36.
LaTeX Font Info:    ... okay on input line 36.
LaTeX Font Info:    Checking defaults for C70/song/m/n on input line 36.
LaTeX Font Info:    ... okay on input line 36.
LaTeX Font Info:    Checking defaults for C31/song/m/n on input line 36.
LaTeX Font Info:    ... okay on input line 36.
LaTeX Font Info:    Checking defaults for C32/song/m/n on input line 36.
LaTeX Font Info:    ... okay on input line 36.
LaTeX Font Info:    Checking defaults for C33/song/m/n on input line 36.
LaTeX Font Info:    ... okay on input line 36.
LaTeX Font Info:    Checking defaults for C34/song/m/n on input line 36.
LaTeX Font Info:    ... okay on input line 36.
LaTeX Font Info:    Checking defaults for C35/song/m/n on input line 36.
LaTeX Font Info:    ... okay on input line 36.
LaTeX Font Info:    Checking defaults for C36/song/m/n on input line 36.
LaTeX Font Info:    ... okay on input line 36.
LaTeX Font Info:    Checking defaults for C37/song/m/n on input line 36.
LaTeX Font Info:    ... okay on input line 36.
LaTeX Font Info:    Checking defaults for C80/song/m/n on input line 36.
LaTeX Font Info:    ... okay on input line 36.
LaTeX Font Info:    Checking defaults for C81/song/m/n on input line 36.
LaTeX Font Info:    ... okay on input line 36.
LaTeX Font Info:    Checking defaults for C01/song/m/n on input line 36.
LaTeX Font Info:    ... okay on input line 36.
LaTeX Font Info:    Checking defaults for C11/song/m/n on input line 36.
LaTeX Font Info:    ... okay on input line 36.
LaTeX Font Info:    Checking defaults for C21/song/m/n on input line 36.
LaTeX Font Info:    ... okay on input line 36.
LaTeX Font Info:    Checking defaults for C41/song/m/n on input line 36.
LaTeX Font Info:    ... okay on input line 36.
LaTeX Font Info:    Checking defaults for C62/song/m/n on input line 36.
LaTeX Font Info:    ... okay on input line 36.
LaTeX Font Info:    Checking defaults for PD1/pdf/m/n on input line 36.
LaTeX Font Info:    ... okay on input line 36.
LaTeX Font Info:    Checking defaults for PU/pdf/m/n on input line 36.
LaTeX Font Info:    ... okay on input line 36.
LaTeX Font Info:    Try loading font information for OT1+ptm on input line 36.
 (c:/texlive/2015/texmf-dist/tex/latex/psnfss/ot1ptm.fd
File: ot1ptm.fd 2001/06/04 font definitions for OT1/ptm.
)
ABD: EverySelectfont initializing macros
LaTeX Info: Redefining \selectfont on input line 36.

(c:/texlive/2015/texmf-dist/tex/context/base/supp-pdf.mkii
[Loading MPS to PDF converter (version 2006.09.02).]
\scratchcounter=\count177
\scratchdimen=\dimen197
\scratchbox=\box77
\nofMPsegments=\count178
\nofMParguments=\count179
\everyMPshowfont=\toks23
\MPscratchCnt=\count180
\MPscratchDim=\dimen198
\MPnumerator=\count181
\makeMPintoPDFobject=\count182
\everyMPtoPDFconversion=\toks24
) (c:/texlive/2015/texmf-dist/tex/latex/oberdiek/epstopdf-base.sty
Package: epstopdf-base 2010/02/09 v2.5 Base part for package epstopdf

(c:/texlive/2015/texmf-dist/tex/latex/oberdiek/grfext.sty
Package: grfext 2010/08/19 v1.1 Manage graphics extensions (HO)
)
Package grfext Info: Graphics extension search list:
(grfext)             [.png,.pdf,.jpg,.mps,.jpeg,.jbig2,.jb2,.PNG,.PDF,.JPG,.JPE
G,.JBIG2,.JB2,.eps]
(grfext)             \AppendGraphicsExtensions on input line 452.

(c:/texlive/2015/texmf-dist/tex/latex/latexconfig/epstopdf-sys.cfg
File: epstopdf-sys.cfg 2010/07/13 v1.3 Configuration of (r)epstopdf for TeX Liv
e
))
Package caption Info: Begin \AtBeginDocument code.
Package caption Info: hyperref package is loaded.
Package caption Info: End \AtBeginDocument code.

*geometry* driver: auto-detecting
*geometry* detected driver: pdftex
*geometry* verbose mode - [ preamble ] result:
* driver: pdftex
* paper: <default>
* layout: <same size as paper>
* layoutoffset:(h,v)=(0.0pt,0.0pt)
* modes: 
* h-part:(L,W,R)=(72.26999pt, 469.75502pt, 72.26999pt)
* v-part:(T,H,B)=(65.04256pt, 672.11122pt, 57.81621pt)
* \paperwidth=614.295pt
* \paperheight=794.96999pt
* \textwidth=469.75502pt
* \textheight=672.11122pt
* \oddsidemargin=0.0pt
* \evensidemargin=0.0pt
* \topmargin=-40.1727pt
* \headheight=30.1pt
* \headsep=2.84526pt
* \topskip=10.0pt
* \footskip=25.0pt
* \marginparwidth=0.0pt
* \marginparsep=0.0pt
* \columnsep=10.0pt
* \skip\footins=9.0pt plus 4.0pt minus 2.0pt
* \hoffset=0.0pt
* \voffset=0.0pt
* \mag=1000
* \@twocolumnfalse
* \@twosidefalse
* \@mparswitchfalse
* \@reversemarginfalse
* (1in=72.27pt=25.4mm, 1cm=28.453pt)

\AtBeginShipoutBox=\box78
Package hyperref Info: Link coloring ON on input line 36.
(c:/texlive/2015/texmf-dist/tex/latex/hyperref/nameref.sty
Package: nameref 2012/10/27 v2.43 Cross-referencing by name of section

(c:/texlive/2015/texmf-dist/tex/generic/oberdiek/gettitlestring.sty
Package: gettitlestring 2010/12/03 v1.4 Cleanup title references (HO)
)
\c@section@level=\count183
)
LaTeX Info: Redefining \ref on input line 36.
LaTeX Info: Redefining \pageref on input line 36.
LaTeX Info: Redefining \nameref on input line 36.

(./template.out) (./template.out)
\@outlinefile=\write3
\openout3 = `template.out'.

Package hyperref Info: Option `CJKbookmarks' set `false' on input line 36.
LaTeX Font Info:    Try loading font information for C19+rm on input line 36.

(c:/texlive/2015/texmf-dist/tex/latex/ctex/fd/c19rm.fd
File: c19rm.fd 2015/05/15 v2.0.2 Chinese font definition (CTEX)
)
Package CJKpunct Info: use punctuation spaces for family 'rm' with punctstyle (
quanjiao) on input line 36.
LaTeX Font Info:    Try loading font information for C19+zhhei on input line 38
.

(c:/texlive/2015/texmf-dist/tex/latex/zhmetrics/c19zhhei.fd
File: c19zhhei.fd 2009/09/23 4.8.2
)
LaTeX Font Info:    Try loading font information for OT1+ztmcm on input line 40
.

(c:/texlive/2015/texmf-dist/tex/latex/psnfss/ot1ztmcm.fd
File: ot1ztmcm.fd 2000/01/03 Fontinst v1.801 font definitions for OT1/ztmcm.
)
LaTeX Font Info:    Try loading font information for OML+ztmcm on input line 40
.

(c:/texlive/2015/texmf-dist/tex/latex/psnfss/omlztmcm.fd
File: omlztmcm.fd 2000/01/03 Fontinst v1.801 font definitions for OML/ztmcm.
)
LaTeX Font Info:    Try loading font information for OMS+ztmcm on input line 40
.

(c:/texlive/2015/texmf-dist/tex/latex/psnfss/omsztmcm.fd
File: omsztmcm.fd 2000/01/03 Fontinst v1.801 font definitions for OMS/ztmcm.
)
LaTeX Font Info:    Try loading font information for OMX+ztmcm on input line 40
.

(c:/texlive/2015/texmf-dist/tex/latex/psnfss/omxztmcm.fd
File: omxztmcm.fd 2000/01/03 Fontinst v1.801 font definitions for OMX/ztmcm.
)
LaTeX Font Info:    Try loading font information for U+rsfs on input line 40.

(c:/texlive/2015/texmf-dist/tex/latex/jknapltx/ursfs.fd
File: ursfs.fd 1998/03/24 rsfs font definition file (jk)
)

LaTeX Font Warning: Font shape `U/rsfs/m/n' in size <15.05624> not available
(Font)              size <14.4> substituted on input line 40.

LaTeX Font Info:    Font shape `OT1/ptm/bx/n' in size <15.05624> not available
(Font)              Font shape `OT1/ptm/b/n' tried instead on input line 40.
LaTeX Font Info:    Font shape `OT1/ptm/bx/n' in size <12.045> not available
(Font)              Font shape `OT1/ptm/b/n' tried instead on input line 40.
LaTeX Font Info:    Font shape `OT1/ptm/bx/n' in size <9.03374> not available
(Font)              Font shape `OT1/ptm/b/n' tried instead on input line 40.
LaTeX Font Info:    Try loading font information for C19+zhsong on input line 4
6.
(c:/texlive/2015/texmf-dist/tex/latex/zhmetrics/c19zhsong.fd
File: c19zhsong.fd 2009/09/23 4.8.2
)
Package CJKpunct Info: use punctuation spaces for family 'zhsong' with punctsty
le (quanjiao) on input line 46.
LaTeX Font Info:    Calculating math sizes for size <10.5> on input line 46.


LaTeX Font Warning: Font shape `U/rsfs/m/n' in size <10.5> not available
(Font)              size <10.95> substituted on input line 46.

LaTeX Font Info:    Font shape `OT1/ptm/bx/n' in size <10.5> not available
(Font)              Font shape `OT1/ptm/b/n' tried instead on input line 46.
LaTeX Font Info:    Font shape `OT1/ptm/bx/n' in size <7.77005> not available
(Font)              Font shape `OT1/ptm/b/n' tried instead on input line 46.
LaTeX Font Info:    Font shape `OT1/ptm/bx/n' in size <6.30006> not available
(Font)              Font shape `OT1/ptm/b/n' tried instead on input line 46.
LaTeX Font Info:    Try loading font information for C19+hei on input line 48.
(c:/texlive/2015/texmf-dist/tex/latex/zhmetrics/c19hei.fd
File: c19hei.fd 2009/09/23 4.8.2
)

LaTeX Font Warning: Font shape `U/rsfs/m/n' in size <7.52812> not available
(Font)              size <8> substituted on input line 52.

LaTeX Font Info:    Font shape `OT1/ptm/bx/n' in size <7.52812> not available
(Font)              Font shape `OT1/ptm/b/n' tried instead on input line 52.
LaTeX Font Info:    Font shape `OT1/ptm/bx/n' in size <5> not available
(Font)              Font shape `OT1/ptm/b/n' tried instead on input line 52.

Package hyperref Warning: Ignoring empty anchor on input line 52.

LaTeX Font Info:    Font shape `OT1/ptm/bx/n' in size <9> not available
(Font)              Font shape `OT1/ptm/b/n' tried instead on input line 52.
LaTeX Font Info:    Font shape `OT1/ptm/bx/n' in size <7> not available
(Font)              Font shape `OT1/ptm/b/n' tried instead on input line 52.

Overfull \hbox (0.51663pt too wide) in paragraph at lines 52--52
[]$[]$ 
 []

LaTeX Font Info:    Try loading font information for C19+zhfs on input line 60.

(c:/texlive/2015/texmf-dist/tex/latex/zhmetrics/c19zhfs.fd
File: c19zhfs.fd 2009/09/23 4.8.2
)
LaTeX Font Info:    Try loading font information for OT1+pcr on input line 77.

(c:/texlive/2015/texmf-dist/tex/latex/psnfss/ot1pcr.fd
File: ot1pcr.fd 2001/06/04 font definitions for OT1/pcr.
)
(c:/texlive/2015/texmf-dist/tex/generic/ctex/zhwindowsfonts.tex
(c:/texlive/2015/texmf-dist/tex/generic/oberdiek/ifpdf.sty
Package ifpdf Info: The package is already loaded, stopped on input line 64.
)
File: zhwindowsfonts.tex 2014/06/03 v2.0 Windows font map loader for pdfTeX and
 DVIPDFMx (CTEX)
) [1

]

Package mathptmx Warning: There are no bold math fonts on input line 83.

[2] <images/fig2-3-1.png, id=154, 1132.23pt x 636.12656pt>
File: images/fig2-3-1.png Graphic file (type png)

<use images/fig2-3-1.png>
Package pdftex.def Info: images/fig2-3-1.png used on input line 144.
(pdftex.def)             Requested size: 375.80544pt x 211.13573pt.
 [3]
<images/fig2-3-2.png, id=167, 1300.1072pt x 511.9125pt>
File: images/fig2-3-2.png Graphic file (type png)

<use images/fig2-3-2.png>
Package pdftex.def Info: images/fig2-3-2.png used on input line 176.
(pdftex.def)             Requested size: 281.85587pt x 110.97295pt.
 [4 <./images/fig2-3-1.png>] [5 <./images/fig2-3-2.png>]
LaTeX Font Info:    Font shape `OT1/ptm/bx/n' in size <12> not available
(Font)              Font shape `OT1/ptm/b/n' tried instead on input line 225.
Package CJKpunct Info: use punctuation spaces for family 'zhhei' with punctstyl
e (quanjiao) on input line 225.


Package hyperref Warning: Token not allowed in a PDF string (Unicode):
(hyperref)                removing `math shift' on input line 225.


Package hyperref Warning: Token not allowed in a PDF string (Unicode):
(hyperref)                removing `superscript' on input line 225.


Package hyperref Warning: Token not allowed in a PDF string (Unicode):
(hyperref)                removing `math shift' on input line 225.


Package hyperref Warning: Token not allowed in a PDF string (Unicode):
(hyperref)                removing `math shift' on input line 225.


Package hyperref Warning: Token not allowed in a PDF string (Unicode):
(hyperref)                removing `\gamma' on input line 225.


Package hyperref Warning: Token not allowed in a PDF string (Unicode):
(hyperref)                removing `math shift' on input line 225.


Package hyperref Warning: Token not allowed in a PDF string (Unicode):
(hyperref)                removing `math shift' on input line 225.


Package hyperref Warning: Token not allowed in a PDF string (Unicode):
(hyperref)                removing `subscript' on input line 225.


Package hyperref Warning: Token not allowed in a PDF string (Unicode):
(hyperref)                removing `math shift' on input line 225.


Package hyperref Warning: Token not allowed in a PDF string (Unicode):
(hyperref)                removing `math shift' on input line 225.


Package hyperref Warning: Token not allowed in a PDF string (Unicode):
(hyperref)                removing `\mu' on input line 225.


Package hyperref Warning: Token not allowed in a PDF string (Unicode):
(hyperref)                removing `subscript' on input line 225.


Package hyperref Warning: Token not allowed in a PDF string (Unicode):
(hyperref)                removing `math shift' on input line 225.

<images/h+.png, id=186, 242.40562pt x 228.10219pt>
File: images/h+.png Graphic file (type png)
 <use images/h+.png>
Package pdftex.def Info: images/h+.png used on input line 228.
(pdftex.def)             Requested size: 242.40501pt x 228.10161pt.


LaTeX Warning: `!h' float specifier changed to `!ht'.

[6] [7 <./images/h+.png>]
Package epstopdf Info: Source file: <images/89e.eps>
(epstopdf)                    date: 2016-01-07 15:14:01
(epstopdf)                    size: 52108 bytes
(epstopdf)             Output file: <images/89e-eps-converted-to.pdf>
(epstopdf)                    date: 2016-01-07 15:29:48
(epstopdf)                    size: 20299 bytes
(epstopdf)             Command: <repstopdf --outfile=images/89e-eps-converted-t
o.pdf images/89e.eps>
(epstopdf)             \includegraphics on input line 293.
Package epstopdf Info: Output file is already uptodate.

<images/89e-eps-converted-to.pdf, id=207, 578.16pt x 433.62pt>
File: images/89e-eps-converted-to.pdf Graphic file (type pdf)

<use images/89e-eps-converted-to.pdf>
Package pdftex.def Info: images/89e-eps-converted-to.pdf used on input line 293
.
(pdftex.def)             Requested size: 375.80544pt x 281.84966pt.
Package epstopdf Info: Source file: <images/89f.eps>
(epstopdf)                    date: 2016-01-07 15:26:02
(epstopdf)                    size: 56738 bytes
(epstopdf)             Output file: <images/89f-eps-converted-to.pdf>
(epstopdf)                    date: 2016-01-07 15:29:51
(epstopdf)                    size: 21827 bytes
(epstopdf)             Command: <repstopdf --outfile=images/89f-eps-converted-t
o.pdf images/89f.eps>
(epstopdf)             \includegraphics on input line 300.
Package epstopdf Info: Output file is already uptodate.

<images/89f-eps-converted-to.pdf, id=208, 578.16pt x 433.62pt>
File: images/89f-eps-converted-to.pdf Graphic file (type pdf)

<use images/89f-eps-converted-to.pdf>
Package pdftex.def Info: images/89f-eps-converted-to.pdf used on input line 300
.
(pdftex.def)             Requested size: 234.8775pt x 176.15768pt.
Package epstopdf Info: Source file: <images/89g.eps>
(epstopdf)                    date: 2016-01-07 15:26:26
(epstopdf)                    size: 55992 bytes
(epstopdf)             Output file: <images/89g-eps-converted-to.pdf>
(epstopdf)                    date: 2016-01-07 15:29:54
(epstopdf)                    size: 21624 bytes
(epstopdf)             Command: <repstopdf --outfile=images/89g-eps-converted-t
o.pdf images/89g.eps>
(epstopdf)             \includegraphics on input line 305.
Package epstopdf Info: Output file is already uptodate.

<images/89g-eps-converted-to.pdf, id=209, 578.16pt x 433.62pt>
File: images/89g-eps-converted-to.pdf Graphic file (type pdf)

<use images/89g-eps-converted-to.pdf>
Package pdftex.def Info: images/89g-eps-converted-to.pdf used on input line 305
.
(pdftex.def)             Requested size: 234.8775pt x 176.15768pt.
Package epstopdf Info: Source file: <images/89h.eps>
(epstopdf)                    date: 2016-01-07 15:26:44
(epstopdf)                    size: 54079 bytes
(epstopdf)             Output file: <images/89h-eps-converted-to.pdf>
(epstopdf)                    date: 2016-01-07 15:29:56
(epstopdf)                    size: 20475 bytes
(epstopdf)             Command: <repstopdf --outfile=images/89h-eps-converted-t
o.pdf images/89h.eps>
(epstopdf)             \includegraphics on input line 310.
Package epstopdf Info: Output file is already uptodate.

<images/89h-eps-converted-to.pdf, id=210, 578.16pt x 433.62pt>
File: images/89h-eps-converted-to.pdf Graphic file (type pdf)

<use images/89h-eps-converted-to.pdf>
Package pdftex.def Info: images/89h-eps-converted-to.pdf used on input line 310
.
(pdftex.def)             Requested size: 234.8775pt x 176.15768pt.
Package epstopdf Info: Source file: <images/89i.eps>
(epstopdf)                    date: 2016-01-07 15:27:01
(epstopdf)                    size: 54439 bytes
(epstopdf)             Output file: <images/89i-eps-converted-to.pdf>
(epstopdf)                    date: 2016-01-07 15:29:59
(epstopdf)                    size: 20497 bytes
(epstopdf)             Command: <repstopdf --outfile=images/89i-eps-converted-t
o.pdf images/89i.eps>
(epstopdf)             \includegraphics on input line 315.
Package epstopdf Info: Output file is already uptodate.

<images/89i-eps-converted-to.pdf, id=211, 578.16pt x 433.62pt>
File: images/89i-eps-converted-to.pdf Graphic file (type pdf)

<use images/89i-eps-converted-to.pdf>
Package pdftex.def Info: images/89i-eps-converted-to.pdf used on input line 315
.
(pdftex.def)             Requested size: 234.8775pt x 176.15768pt.
Package epstopdf Info: Source file: <images/89j.eps>
(epstopdf)                    date: 2016-01-07 15:27:19
(epstopdf)                    size: 54896 bytes
(epstopdf)             Output file: <images/89j-eps-converted-to.pdf>
(epstopdf)                    date: 2016-01-07 15:30:02
(epstopdf)                    size: 20568 bytes
(epstopdf)             Command: <repstopdf --outfile=images/89j-eps-converted-t
o.pdf images/89j.eps>
(epstopdf)             \includegraphics on input line 320.
Package epstopdf Info: Output file is already uptodate.

<images/89j-eps-converted-to.pdf, id=212, 578.16pt x 433.62pt>
File: images/89j-eps-converted-to.pdf Graphic file (type pdf)

<use images/89j-eps-converted-to.pdf>
Package pdftex.def Info: images/89j-eps-converted-to.pdf used on input line 320
.
(pdftex.def)             Requested size: 234.8775pt x 176.15768pt.
Package epstopdf Info: Source file: <images/89k.eps>
(epstopdf)                    date: 2016-01-07 15:27:55
(epstopdf)                    size: 52326 bytes
(epstopdf)             Output file: <images/89k-eps-converted-to.pdf>
(epstopdf)                    date: 2016-01-07 15:30:05
(epstopdf)                    size: 20483 bytes
(epstopdf)             Command: <repstopdf --outfile=images/89k-eps-converted-t
o.pdf images/89k.eps>
(epstopdf)             \includegraphics on input line 325.
Package epstopdf Info: Output file is already uptodate.

<images/89k-eps-converted-to.pdf, id=213, 578.16pt x 433.62pt>
File: images/89k-eps-converted-to.pdf Graphic file (type pdf)

<use images/89k-eps-converted-to.pdf>
Package pdftex.def Info: images/89k-eps-converted-to.pdf used on input line 325
.
(pdftex.def)             Requested size: 234.8775pt x 176.15768pt.

Overfull \hbox (1.99501pt too wide) in paragraph at lines 299--329
[]$[]$ $[]$
 []


Overfull \hbox (1.99501pt too wide) in paragraph at lines 299--329
[]$ $[]$
 []


Overfull \hbox (1.99501pt too wide) in paragraph at lines 299--329
[]$ $[]$ 
 []


LaTeX Warning: `!h' float specifier changed to `!ht'.

[8 <./images/89e-eps-converted-to.pdf>]

LaTeX Warning: Text page 9 contains only floats.


Overfull \vbox (6.33664pt too high) has occurred while \output is active []


[9 <./images/89f-eps-converted-to.pdf> <./images/89g-eps-converted-to.pdf> <./i
mages/89h-eps-converted-to.pdf> <./images/89i-eps-converted-to.pdf> <./images/8
9j-eps-converted-to.pdf> <./images/89k-eps-converted-to.pdf>] [10]
Package epstopdf Info: Source file: <images/89a.eps>
(epstopdf)                    date: 2015-12-21 16:11:04
(epstopdf)                    size: 52196 bytes
(epstopdf)             Output file: <images/89a-eps-converted-to.pdf>
(epstopdf)                    date: 2015-12-24 16:14:59
(epstopdf)                    size: 20224 bytes
(epstopdf)             Command: <repstopdf --outfile=images/89a-eps-converted-t
o.pdf images/89a.eps>
(epstopdf)             \includegraphics on input line 373.
Package epstopdf Info: Output file is already uptodate.

<images/89a-eps-converted-to.pdf, id=394, 433.62pt x 289.08pt>
File: images/89a-eps-converted-to.pdf Graphic file (type pdf)

<use images/89a-eps-converted-to.pdf>
Package pdftex.def Info: images/89a-eps-converted-to.pdf used on input line 373
.
(pdftex.def)             Requested size: 234.8775pt x 156.58607pt.
Package epstopdf Info: Source file: <images/89b.eps>
(epstopdf)                    date: 2015-12-21 16:07:53
(epstopdf)                    size: 48469 bytes
(epstopdf)             Output file: <images/89b-eps-converted-to.pdf>
(epstopdf)                    date: 2015-12-24 16:15:05
(epstopdf)                    size: 18607 bytes
(epstopdf)             Command: <repstopdf --outfile=images/89b-eps-converted-t
o.pdf images/89b.eps>
(epstopdf)             \includegraphics on input line 378.
Package epstopdf Info: Output file is already uptodate.

<images/89b-eps-converted-to.pdf, id=395, 433.62pt x 289.08pt>
File: images/89b-eps-converted-to.pdf Graphic file (type pdf)

<use images/89b-eps-converted-to.pdf>
Package pdftex.def Info: images/89b-eps-converted-to.pdf used on input line 378
.
(pdftex.def)             Requested size: 234.8775pt x 156.58607pt.
Package epstopdf Info: Source file: <images/89c.eps>
(epstopdf)                    date: 2015-12-21 16:10:19
(epstopdf)                    size: 47885 bytes
(epstopdf)             Output file: <images/89c-eps-converted-to.pdf>
(epstopdf)                    date: 2015-12-24 16:15:10
(epstopdf)                    size: 18624 bytes
(epstopdf)             Command: <repstopdf --outfile=images/89c-eps-converted-t
o.pdf images/89c.eps>
(epstopdf)             \includegraphics on input line 383.
Package epstopdf Info: Output file is already uptodate.

<images/89c-eps-converted-to.pdf, id=396, 433.62pt x 289.08pt>
File: images/89c-eps-converted-to.pdf Graphic file (type pdf)

<use images/89c-eps-converted-to.pdf>
Package pdftex.def Info: images/89c-eps-converted-to.pdf used on input line 383
.
(pdftex.def)             Requested size: 234.8775pt x 156.58607pt.
Package epstopdf Info: Source file: <images/89d.eps>
(epstopdf)                    date: 2015-12-21 16:11:39
(epstopdf)                    size: 47141 bytes
(epstopdf)             Output file: <images/89d-eps-converted-to.pdf>
(epstopdf)                    date: 2015-12-24 16:15:15
(epstopdf)                    size: 18372 bytes
(epstopdf)             Command: <repstopdf --outfile=images/89d-eps-converted-t
o.pdf images/89d.eps>
(epstopdf)             \includegraphics on input line 388.
Package epstopdf Info: Output file is already uptodate.

<images/89d-eps-converted-to.pdf, id=397, 433.62pt x 289.08pt>
File: images/89d-eps-converted-to.pdf Graphic file (type pdf)

<use images/89d-eps-converted-to.pdf>
Package pdftex.def Info: images/89d-eps-converted-to.pdf used on input line 388
.
(pdftex.def)             Requested size: 234.8775pt x 156.58607pt.

Overfull \hbox (1.99501pt too wide) in paragraph at lines 372--392
[]$[]$ $[]$
 []


Overfull \hbox (1.99501pt too wide) in paragraph at lines 372--392
[]$ $[]$ 
 []

[11 <./images/89a-eps-converted-to.pdf> <./images/89b-eps-converted-to.pdf> <./
images/89c-eps-converted-to.pdf> <./images/89d-eps-converted-to.pdf>]
Package epstopdf Info: Source file: <images/89bexp.eps>
(epstopdf)                    date: 2015-12-24 18:58:00
(epstopdf)                    size: 50870 bytes
(epstopdf)             Output file: <images/89bexp-eps-converted-to.pdf>
(epstopdf)                    date: 2015-12-24 19:16:59
(epstopdf)                    size: 18822 bytes
(epstopdf)             Command: <repstopdf --outfile=images/89bexp-eps-converte
d-to.pdf images/89bexp.eps>
(epstopdf)             \includegraphics on input line 407.
Package epstopdf Info: Output file is already uptodate.

<images/89bexp-eps-converted-to.pdf, id=489, 578.16pt x 433.62pt>
File: images/89bexp-eps-converted-to.pdf Graphic file (type pdf)

<use images/89bexp-eps-converted-to.pdf>
Package pdftex.def Info: images/89bexp-eps-converted-to.pdf used on input line 
407.
(pdftex.def)             Requested size: 234.8775pt x 176.15768pt.
LaTeX Font Info:    Font shape `OT1/ptm/bx/n' in size <6> not available
(Font)              Font shape `OT1/ptm/b/n' tried instead on input line 408.
Package epstopdf Info: Source file: <images/89cexp.eps>
(epstopdf)                    date: 2015-12-24 19:05:07
(epstopdf)                    size: 49406 bytes
(epstopdf)             Output file: <images/89cexp-eps-converted-to.pdf>
(epstopdf)                    date: 2015-12-24 19:17:05
(epstopdf)                    size: 18824 bytes
(epstopdf)             Command: <repstopdf --outfile=images/89cexp-eps-converte
d-to.pdf images/89cexp.eps>
(epstopdf)             \includegraphics on input line 412.
Package epstopdf Info: Output file is already uptodate.

<images/89cexp-eps-converted-to.pdf, id=490, 578.16pt x 433.62pt>
File: images/89cexp-eps-converted-to.pdf Graphic file (type pdf)

<use images/89cexp-eps-converted-to.pdf>
Package pdftex.def Info: images/89cexp-eps-converted-to.pdf used on input line 
412.
(pdftex.def)             Requested size: 234.8775pt x 176.15768pt.

Overfull \hbox (1.99501pt too wide) in paragraph at lines 406--416
[]$[]$ $[]$ 
 []


Overfull \hbox (2.38762pt too wide) in paragraph at lines 421--424
[]\C19/rm/m/n/10.5/49 , \C19/rm/m/n/10.5/61  \C19/rm/m/n/10.5/41  \C19/rm/m/n
/10.5/50 |\C19/rm/m/n/10.5/26 | \C19/rm/m/n/10.5/38 ^^F \C19/rm/m/n/10.5/63 ^
^] \C19/rm/m/n/10.5/65 ] \C19/rm/m/n/10.5/49 ^^N \C19/rm/m/n/10.5/64 ^^? \C19/r
m/m/n/10.5/40 ^^W \C19/rm/m/n/10.5/64  \C19/rm/m/n/10.5/65 f \C19/rm/m/n/10.5/
40 ^^[ \C19/rm/m/n/10.5/43  \C19/rm/m/n/10.5/59  \C19/rm/m/n/10.5/38  \C19/r
m/m/n/10.5/62  \C19/rm/m/n/10.5/55  \C19/rm/m/n/10.5/45 m \C19/rm/m/n/10.5/61
  \C19/rm/m/n/10.5/36  \C19/rm/m/n/10.5/63 3$\OT1/ztmcm/m/n/10.5 0\OML/ztmcm/
m/it/10.5 :\OT1/ztmcm/m/n/10.5 1\OML/ztmcm/m/it/10.5 s$\C19/rm/m/n/10.5/40 ^^[ 
\C19/rm/m/n/10.5/55  \C19/rm/m/n/10.5/48  \C19/rm/m/n/10.5/45 ?|\C19/rm/m/n/1
0.5/26 | \C19/rm/m/n/10.5/41 ^^M \C19/rm/m/n/10.5/58  \C19/rm/m/n/10.5/50  \
C19/rm/m/n/10.5/40 ^^[ \C19/rm/m/n/10.5/55  \C19/rm/m/n/10.5/46  \C19/rm/m/n/
10.5/59  \C19/rm/m/n/10.5/37 ' \C19/rm/m/n/10.5/52  \C19/rm/m/n/10.5/48 5 \C1
9/rm/m/n/10.5/60 ^^B \C19/rm/m/n/10.5/49 
\OT1/ptm/m/n/10.5 3\C19/rm/m/n/10.5/42 
 []

<images/mfields.png, id=492, 879.285pt x 455.45157pt>
File: images/mfields.png Graphic file (type png)
 <use images/mfields.png>
Package pdftex.def Info: images/mfields.png used on input line 433.
(pdftex.def)             Requested size: 375.80544pt x 194.65892pt.


LaTeX Warning: `!h' float specifier changed to `!ht'.

[12 <./images/89bexp-eps-converted-to.pdf> <./images/89cexp-eps-converted-to.pd
f>]
Package epstopdf Info: Source file: <images/89e.eps>
(epstopdf)                    date: 2016-01-07 15:14:01
(epstopdf)                    size: 52108 bytes
(epstopdf)             Output file: <images/89e-eps-converted-to.pdf>
(epstopdf)                    date: 2016-01-07 15:29:48
(epstopdf)                    size: 20299 bytes
(epstopdf)             Command: <repstopdf --outfile=images/89e-eps-converted-t
o.pdf images/89e.eps>
(epstopdf)             \includegraphics on input line 451.
Package epstopdf Info: Output file is already uptodate.
File: images/89e-eps-converted-to.pdf Graphic file (type pdf)
 <use images/89e-eps-converted-to.pdf>
Package pdftex.def Info: images/89e-eps-converted-to.pdf used on input line 451
.
(pdftex.def)             Requested size: 234.8775pt x 176.15768pt.
Package epstopdf Info: Source file: <images/89_0.eps>
(epstopdf)                    date: 2016-01-08 01:26:20
(epstopdf)                    size: 23514 bytes
(epstopdf)             Output file: <images/89_0-eps-converted-to.pdf>
(epstopdf)                    date: 2016-01-08 01:50:58
(epstopdf)                    size: 14083 bytes
(epstopdf)             Command: <repstopdf --outfile=images/89_0-eps-converted-
to.pdf images/89_0.eps>
(epstopdf)             \includegraphics on input line 456.
Package epstopdf Info: Output file is already uptodate.

<images/89_0-eps-converted-to.pdf, id=543, 578.16pt x 433.62pt>
File: images/89_0-eps-converted-to.pdf Graphic file (type pdf)

<use images/89_0-eps-converted-to.pdf>
Package pdftex.def Info: images/89_0-eps-converted-to.pdf used on input line 45
6.
(pdftex.def)             Requested size: 234.8775pt x 176.15768pt.

Overfull \hbox (1.99501pt too wide) in paragraph at lines 450--460
[]$[]$ $[]$ 
 []

Package epstopdf Info: Source file: <images/89l.eps>
(epstopdf)                    date: 2016-01-08 01:46:13
(epstopdf)                    size: 262610 bytes
(epstopdf)             Output file: <images/89l-eps-converted-to.pdf>
(epstopdf)                    date: 2016-01-08 01:51:00
(epstopdf)                    size: 71764 bytes
(epstopdf)             Command: <repstopdf --outfile=images/89l-eps-converted-t
o.pdf images/89l.eps>
(epstopdf)             \includegraphics on input line 468.
Package epstopdf Info: Output file is already uptodate.
<images/89l-eps-converted-to.pdf, id=545, 1232.605pt x 595.22375pt>
File: images/89l-eps-converted-to.pdf Graphic file (type pdf)

<use images/89l-eps-converted-to.pdf>
Package pdftex.def Info: images/89l-eps-converted-to.pdf used on input line 468
.
(pdftex.def)             Requested size: 469.75502pt x 226.84131pt.


LaTeX Warning: `!h' float specifier changed to `!ht'.

[13 <./images/mfields.png>] [14 <./images/89_0-eps-converted-to.pdf> <./images/
89l-eps-converted-to.pdf>]
Package epstopdf Info: Source file: <images/89_10.eps>
(epstopdf)                    date: 2016-01-08 01:26:51
(epstopdf)                    size: 23427 bytes
(epstopdf)             Output file: <images/89_10-eps-converted-to.pdf>
(epstopdf)                    date: 2016-01-08 02:23:20
(epstopdf)                    size: 14055 bytes
(epstopdf)             Command: <repstopdf --outfile=images/89_10-eps-converted
-to.pdf images/89_10.eps>
(epstopdf)             \includegraphics on input line 481.
Package epstopdf Info: Output file is already uptodate.

<images/89_10-eps-converted-to.pdf, id=605, 578.16pt x 433.62pt>
File: images/89_10-eps-converted-to.pdf Graphic file (type pdf)

<use images/89_10-eps-converted-to.pdf>
Package pdftex.def Info: images/89_10-eps-converted-to.pdf used on input line 4
81.
(pdftex.def)             Requested size: 375.80544pt x 281.84966pt.
Package epstopdf Info: Source file: <images/89m.eps>
(epstopdf)                    date: 2016-01-08 02:35:44
(epstopdf)                    size: 396663 bytes
(epstopdf)             Output file: <images/89m-eps-converted-to.pdf>
(epstopdf)                    date: 2016-01-08 03:10:10
(epstopdf)                    size: 101981 bytes
(epstopdf)             Command: <repstopdf --outfile=images/89m-eps-converted-t
o.pdf images/89m.eps>
(epstopdf)             \includegraphics on input line 498.
Package epstopdf Info: Output file is already uptodate.

<images/89m-eps-converted-to.pdf, id=608, 578.16pt x 433.62pt>
File: images/89m-eps-converted-to.pdf Graphic file (type pdf)

<use images/89m-eps-converted-to.pdf>
Package pdftex.def Info: images/89m-eps-converted-to.pdf used on input line 498
.
(pdftex.def)             Requested size: 469.75502pt x 352.31538pt.
 [15 <./images/89_10-eps-converted-to.pdf>] [16 <./images/89m-eps-converted-to.
pdf>] [17]
Underfull \hbox (badness 1789) in paragraph at lines 546--562
[]\OT1/ptm/m/n/10.5 Relaxation (NMR). Wikipedia[DB/OL]. [][]$\OT1/pcr/m/n/10.5 
https : / / en . wikipedia . org / wiki / Relaxation _
 []

[18]

Package hyperref Warning: Ignoring empty anchor on input line 572.

LaTeX Font Info:    Try loading font information for OMS+ptm on input line 572.

(c:/texlive/2015/texmf-dist/tex/latex/psnfss/omsptm.fd
File: omsptm.fd 
)
LaTeX Font Info:    Font shape `OMS/ptm/m/n' in size <10.5> not available
(Font)              Font shape `OMS/cmsy/m/n' tried instead on input line 572.

Overfull \hbox (1.82141pt too wide) in paragraph at lines 572--572
[]\OMS/cmsy/m/n/10.5 y 
 []


Overfull \hbox (17.24945pt too wide) in paragraph at lines 572--572
[][][]| $[]$| 
 []


Underfull \hbox (badness 10000) in paragraph at lines 580--580
[]\OT1/ptm/b/n/15.05624 Keywords:
 []


Underfull \hbox (badness 10000) in paragraph at lines 580--580

 []


Overfull \hbox (30.11249pt too wide) in paragraph at lines 582--582
[]$[]$ 
 []

Package atveryend Info: Empty hook `BeforeClearDocument' on input line 584.
[19]
Package atveryend Info: Empty hook `AfterLastShipout' on input line 584.
 (./template.aux)
Package atveryend Info: Executing hook `AtVeryEndDocument' on input line 584.
Package atveryend Info: Executing hook `AtEndAfterFileList' on input line 584.
Package rerunfilecheck Info: File `template.out' has not changed.
(rerunfilecheck)             Checksum: 0F44D55EE2890FED6F8A1F5B40337461;1648.


LaTeX Font Warning: Size substitutions with differences
(Font)              up to 0.65625pt have occurred.


LaTeX Warning: There were multiply-defined labels.

 ) 
Here is how much of TeX's memory you used:
 23233 strings out of 493089
 397434 string characters out of 6138424
 546461 words of memory out of 5000000
 26171 multiletter control sequences out of 15000+600000
 129191 words of font info for 362 fonts, out of 8000000 for 9000
 1141 hyphenation exceptions out of 8191
 42i,12n,47p,10435b,530s stack positions out of 5000i,500n,10000p,200000b,80000s
<c:/WINDOWS/fonts/simfang.ttf><c:/WINDOWS/fonts/simfang.ttf><c:/WINDOWS/fonts
/simfang.ttf><c:/WINDOWS/fonts/simfang.ttf><c:/WINDOWS/fonts/simfang.ttf><c:/WI
NDOWS/fonts/simhei.ttf><c:/WINDOWS/fonts/simhei.ttf><c:/WINDOWS/fonts/simsun.tt
c><c:/WINDOWS/fonts/simhei.ttf><c:/WINDOWS/fonts/simhei.ttf><c:/WINDOWS/fonts/s
imhei.ttf><c:/WINDOWS/fonts/simhei.ttf><c:/WINDOWS/fonts/simhei.ttf><c:/WINDOWS
/fonts/simhei.ttf><c:/WINDOWS/fonts/simhei.ttf><c:/WINDOWS/fonts/simfang.ttf><c
:/WINDOWS/fonts/simfang.ttf><c:/WINDOWS/fonts/simfang.ttf><c:/WINDOWS/fonts/sim
hei.ttf><c:/WINDOWS/fonts/simhei.ttf><c:/WINDOWS/fonts/simhei.ttf><c:/WINDOWS/f
onts/simhei.ttf><c:/WINDOWS/fonts/simfang.ttf><c:/WINDOWS/fonts/simfang.ttf><c:
/WINDOWS/fonts/simfang.ttf><c:/WINDOWS/fonts/simfang.ttf><c:/WINDOWS/fonts/simh
ei.ttf><c:/WINDOWS/fonts/simhei.ttf><c:/WINDOWS/fonts/simhei.ttf><c:/WINDOWS/fo
nts/simhei.ttf><c:/WINDOWS/fonts/simfang.ttf><c:/WINDOWS/fonts/simfang.ttf>{c:/
texlive/2015/texmf-dist/fonts/enc/dvips/base/8r.enc}<c:/WINDOWS/fonts/simfang.t
tf><c:/WINDOWS/fonts/simfang.ttf><c:/WINDOWS/fonts/simfang.ttf><c:/WINDOWS/font
s/simsun.ttc><c:/WINDOWS/fonts/simsun.ttc><c:/WINDOWS/fonts/simsun.ttc><c:/WIND
OWS/fonts/simsun.ttc><c:/WINDOWS/fonts/simsun.ttc><c:/WINDOWS/fonts/simsun.ttc>
<c:/WINDOWS/fonts/simfang.ttf><c:/WINDOWS/fonts/simfang.ttf><c:/WINDOWS/fonts/s
imsun.ttc><c:/WINDOWS/fonts/simhei.ttf><c:/WINDOWS/fonts/simsun.ttc><c:/WINDOWS
/fonts/simsun.ttc><c:/WINDOWS/fonts/simsun.ttc><c:/WINDOWS/fonts/simsun.ttc><c:
/WINDOWS/fonts/simsun.ttc><c:/WINDOWS/fonts/simsun.ttc><c:/WINDOWS/fonts/simsun
.ttc><c:/WINDOWS/fonts/simsun.ttc><c:/WINDOWS/fonts/simsun.ttc><c:/WINDOWS/font
s/simsun.ttc><c:/WINDOWS/fonts/simsun.ttc><c:/WINDOWS/fonts/simsun.ttc><c:/WIND
OWS/fonts/simsun.ttc><c:/WINDOWS/fonts/simsun.ttc><c:/WINDOWS/fonts/simsun.ttc>
<c:/WINDOWS/fonts/simsun.ttc><c:/WINDOWS/fonts/simsun.ttc><c:/WINDOWS/fonts/sim
sun.ttc><c:/WINDOWS/fonts/simsun.ttc><c:/WINDOWS/fonts/simsun.ttc><c:/WINDOWS/f
onts/simsun.ttc><c:/WINDOWS/fonts/simsun.ttc><c:/WINDOWS/fonts/simsun.ttc><c:/W
INDOWS/fonts/simsun.ttc><c:/WINDOWS/fonts/simsun.ttc><c:/WINDOWS/fonts/simsun.t
tc><c:/WINDOWS/fonts/simhei.ttf><c:/WINDOWS/fonts/simhei.ttf><c:/WINDOWS/fonts/
simhei.ttf><c:/WINDOWS/fonts/simhei.ttf><c:/WINDOWS/fonts/simhei.ttf><c:/WINDOW
S/fonts/simhei.ttf><c:/WINDOWS/fonts/simhei.ttf><c:/WINDOWS/fonts/simsun.ttc><c
:/WINDOWS/fonts/simsun.ttc><c:/WINDOWS/fonts/simsun.ttc><c:/WINDOWS/fonts/simsu
n.ttc><c:/WINDOWS/fonts/simsun.ttc><c:/WINDOWS/fonts/simsun.ttc><c:/WINDOWS/fon
ts/simsun.ttc><c:/texlive/2015/texmf-dist/fonts/type1/public/amsfonts/cm/cmex10
.pfb><c:/texlive/2015/texmf-dist/fonts/type1/public/amsfonts/cm/cmmi10.pfb><c:/
texlive/2015/texmf-dist/fonts/type1/public/amsfonts/cm/cmr10.pfb><c:/texlive/20
15/texmf-dist/fonts/type1/public/amsfonts/cm/cmsy10.pfb><c:/texlive/2015/texmf-
dist/fonts/type1/urw/courier/ucrr8a.pfb><c:/texlive/2015/texmf-dist/fonts/type1
/urw/symbol/usyr.pfb><c:/texlive/2015/texmf-dist/fonts/type1/urw/symbol/usyr.pf
b><c:/texlive/2015/texmf-dist/fonts/type1/urw/times/utmb8a.pfb><c:/texlive/2015
/texmf-dist/fonts/type1/urw/times/utmr8a.pfb><c:/texlive/2015/texmf-dist/fonts/
type1/urw/times/utmr8a.pfb><c:/texlive/2015/texmf-dist/fonts/type1/urw/times/ut
mri8a.pfb>
Output written on template.pdf (19 pages, 2001526 bytes).
PDF statistics:
 995 PDF objects out of 1000 (max. 8388607)
 597 compressed objects within 6 object streams
 71 named destinations out of 1000 (max. 500000)
 226 words of extra memory for PDF output out of 10000 (max. 10000000)

